04/01/2024 07:14:18  INFO - measure_integration_time: started time measuring for thread_pool_executor
04/01/2024 07:14:18  INFO - integrate: started to integrate with n_jobs = 1 and n_iter = 10000000
04/01/2024 07:14:18  INFO - integrate_batch: started to integrate batch 0
04/01/2024 07:14:18  INFO - integrate_batch: finished to integate batch 0
04/01/2024 07:14:18  INFO - integrate: finished to integrate with n_jobs = 1 and n_iter = 10000000
04/01/2024 07:14:18  INFO - integrate: started to integrate with n_jobs = 2 and n_iter = 10000000
04/01/2024 07:14:18  INFO - integrate_batch: started to integrate batch 0
04/01/2024 07:14:18  INFO - integrate_batch: started to integrate batch 1
04/01/2024 07:14:19  INFO - integrate_batch: finished to integate batch 0
04/01/2024 07:14:19  INFO - integrate_batch: finished to integate batch 1
04/01/2024 07:14:19  INFO - integrate: finished to integrate with n_jobs = 2 and n_iter = 10000000
04/01/2024 07:14:19  INFO - integrate: started to integrate with n_jobs = 3 and n_iter = 10000000
04/01/2024 07:14:19  INFO - integrate_batch: started to integrate batch 0
04/01/2024 07:14:19  INFO - integrate_batch: started to integrate batch 1
04/01/2024 07:14:19  INFO - integrate_batch: started to integrate batch 2
04/01/2024 07:14:20  INFO - integrate_batch: finished to integate batch 1
04/01/2024 07:14:20  INFO - integrate_batch: finished to integate batch 0
04/01/2024 07:14:20  INFO - integrate_batch: finished to integate batch 2
04/01/2024 07:14:20  INFO - integrate: finished to integrate with n_jobs = 3 and n_iter = 10000000
04/01/2024 07:14:20  INFO - integrate: started to integrate with n_jobs = 4 and n_iter = 10000000
04/01/2024 07:14:20  INFO - integrate_batch: started to integrate batch 0
04/01/2024 07:14:20  INFO - integrate_batch: started to integrate batch 1
04/01/2024 07:14:20  INFO - integrate_batch: started to integrate batch 2
04/01/2024 07:14:20  INFO - integrate_batch: finished to integate batch 0
04/01/2024 07:14:20  INFO - integrate_batch: started to integrate batch 3
04/01/2024 07:14:20  INFO - integrate_batch: finished to integate batch 2
04/01/2024 07:14:21  INFO - integrate_batch: finished to integate batch 1
04/01/2024 07:14:21  INFO - integrate_batch: finished to integate batch 3
04/01/2024 07:14:21  INFO - integrate: finished to integrate with n_jobs = 4 and n_iter = 10000000
04/01/2024 07:14:21  INFO - integrate: started to integrate with n_jobs = 5 and n_iter = 10000000
04/01/2024 07:14:21  INFO - integrate_batch: started to integrate batch 0
04/01/2024 07:14:21  INFO - integrate_batch: started to integrate batch 1
04/01/2024 07:14:21  INFO - integrate_batch: started to integrate batch 2
04/01/2024 07:14:21  INFO - integrate_batch: finished to integate batch 0
04/01/2024 07:14:21  INFO - integrate_batch: started to integrate batch 3
04/01/2024 07:14:21  INFO - integrate_batch: started to integrate batch 4
04/01/2024 07:14:21  INFO - integrate_batch: finished to integate batch 1
04/01/2024 07:14:21  INFO - integrate_batch: finished to integate batch 2
04/01/2024 07:14:21  INFO - integrate_batch: finished to integate batch 3
04/01/2024 07:14:21  INFO - integrate_batch: finished to integate batch 4
04/01/2024 07:14:21  INFO - integrate: finished to integrate with n_jobs = 5 and n_iter = 10000000
04/01/2024 07:14:21  INFO - integrate: started to integrate with n_jobs = 6 and n_iter = 10000000
04/01/2024 07:14:21  INFO - integrate_batch: started to integrate batch 0
04/01/2024 07:14:21  INFO - integrate_batch: started to integrate batch 1
04/01/2024 07:14:21  INFO - integrate_batch: started to integrate batch 2
04/01/2024 07:14:21  INFO - integrate_batch: started to integrate batch 3
04/01/2024 07:14:22  INFO - integrate_batch: finished to integate batch 0
04/01/2024 07:14:22  INFO - integrate_batch: started to integrate batch 4
04/01/2024 07:14:22  INFO - integrate_batch: finished to integate batch 2
04/01/2024 07:14:22  INFO - integrate_batch: finished to integate batch 1
04/01/2024 07:14:22  INFO - integrate_batch: started to integrate batch 5
04/01/2024 07:14:22  INFO - integrate_batch: finished to integate batch 3
04/01/2024 07:14:22  INFO - integrate_batch: finished to integate batch 4
04/01/2024 07:14:22  INFO - integrate_batch: finished to integate batch 5
04/01/2024 07:14:22  INFO - integrate: finished to integrate with n_jobs = 6 and n_iter = 10000000
04/01/2024 07:14:22  INFO - integrate: started to integrate with n_jobs = 7 and n_iter = 10000000
04/01/2024 07:14:22  INFO - integrate_batch: started to integrate batch 0
04/01/2024 07:14:22  INFO - integrate_batch: started to integrate batch 1
04/01/2024 07:14:22  INFO - integrate_batch: started to integrate batch 2
04/01/2024 07:14:22  INFO - integrate_batch: finished to integate batch 0
04/01/2024 07:14:22  INFO - integrate_batch: started to integrate batch 5
04/01/2024 07:14:22  INFO - integrate_batch: finished to integate batch 1
04/01/2024 07:14:22  INFO - integrate_batch: started to integrate batch 4
04/01/2024 07:14:22  INFO - integrate_batch: finished to integate batch 2
04/01/2024 07:14:22  INFO - integrate_batch: started to integrate batch 3
04/01/2024 07:14:22  INFO - integrate_batch: started to integrate batch 6
04/01/2024 07:14:23  INFO - integrate_batch: finished to integate batch 5
04/01/2024 07:14:23  INFO - integrate_batch: finished to integate batch 4
04/01/2024 07:14:23  INFO - integrate_batch: finished to integate batch 6
04/01/2024 07:14:23  INFO - integrate_batch: finished to integate batch 3
04/01/2024 07:14:23  INFO - integrate: finished to integrate with n_jobs = 7 and n_iter = 10000000
04/01/2024 07:14:23  INFO - integrate: started to integrate with n_jobs = 8 and n_iter = 10000000
04/01/2024 07:14:23  INFO - integrate_batch: started to integrate batch 0
04/01/2024 07:14:23  INFO - integrate_batch: started to integrate batch 1
04/01/2024 07:14:23  INFO - integrate_batch: started to integrate batch 2
04/01/2024 07:14:23  INFO - integrate_batch: finished to integate batch 0
04/01/2024 07:14:23  INFO - integrate_batch: started to integrate batch 3
04/01/2024 07:14:23  INFO - integrate_batch: started to integrate batch 4
04/01/2024 07:14:23  INFO - integrate_batch: finished to integate batch 1
04/01/2024 07:14:23  INFO - integrate_batch: finished to integate batch 2
04/01/2024 07:14:23  INFO - integrate_batch: started to integrate batch 5
04/01/2024 07:14:23  INFO - integrate_batch: started to integrate batch 6
04/01/2024 07:14:23  INFO - integrate_batch: finished to integate batch 4
04/01/2024 07:14:23  INFO - integrate_batch: started to integrate batch 7
04/01/2024 07:14:23  INFO - integrate_batch: finished to integate batch 3
04/01/2024 07:14:23  INFO - integrate_batch: finished to integate batch 5
04/01/2024 07:14:24  INFO - integrate_batch: finished to integate batch 7
04/01/2024 07:14:24  INFO - integrate_batch: finished to integate batch 6
04/01/2024 07:14:24  INFO - integrate: finished to integrate with n_jobs = 8 and n_iter = 10000000
04/01/2024 07:14:24  INFO - integrate: started to integrate with n_jobs = 9 and n_iter = 10000000
04/01/2024 07:14:24  INFO - integrate_batch: started to integrate batch 0
04/01/2024 07:14:24  INFO - integrate_batch: started to integrate batch 1
04/01/2024 07:14:24  INFO - integrate_batch: started to integrate batch 2
04/01/2024 07:14:24  INFO - integrate_batch: finished to integate batch 0
04/01/2024 07:14:24  INFO - integrate_batch: finished to integate batch 1
04/01/2024 07:14:24  INFO - integrate_batch: started to integrate batch 3
04/01/2024 07:14:24  INFO - integrate_batch: finished to integate batch 2
04/01/2024 07:14:24  INFO - integrate_batch: started to integrate batch 4
04/01/2024 07:14:24  INFO - integrate_batch: started to integrate batch 5
04/01/2024 07:14:24  INFO - integrate_batch: started to integrate batch 6
04/01/2024 07:14:24  INFO - integrate_batch: started to integrate batch 7
04/01/2024 07:14:24  INFO - integrate_batch: finished to integate batch 3
04/01/2024 07:14:24  INFO - integrate_batch: started to integrate batch 8
04/01/2024 07:14:24  INFO - integrate_batch: finished to integate batch 4
04/01/2024 07:14:24  INFO - integrate_batch: finished to integate batch 5
04/01/2024 07:14:24  INFO - integrate_batch: finished to integate batch 6
04/01/2024 07:14:24  INFO - integrate_batch: finished to integate batch 7
04/01/2024 07:14:24  INFO - integrate_batch: finished to integate batch 8
04/01/2024 07:14:24  INFO - integrate: finished to integrate with n_jobs = 9 and n_iter = 10000000
04/01/2024 07:14:24  INFO - integrate: started to integrate with n_jobs = 10 and n_iter = 10000000
04/01/2024 07:14:24  INFO - integrate_batch: started to integrate batch 0
04/01/2024 07:14:24  INFO - integrate_batch: started to integrate batch 1
04/01/2024 07:14:24  INFO - integrate_batch: finished to integate batch 0
04/01/2024 07:14:24  INFO - integrate_batch: started to integrate batch 2
04/01/2024 07:14:24  INFO - integrate_batch: started to integrate batch 3
04/01/2024 07:14:24  INFO - integrate_batch: finished to integate batch 1
04/01/2024 07:14:24  INFO - integrate_batch: started to integrate batch 4
04/01/2024 07:14:24  INFO - integrate_batch: started to integrate batch 5
04/01/2024 07:14:25  INFO - integrate_batch: started to integrate batch 6
04/01/2024 07:14:25  INFO - integrate_batch: started to integrate batch 7
04/01/2024 07:14:25  INFO - integrate_batch: finished to integate batch 2
04/01/2024 07:14:25  INFO - integrate_batch: finished to integate batch 3
04/01/2024 07:14:25  INFO - integrate_batch: started to integrate batch 8
04/01/2024 07:14:25  INFO - integrate_batch: started to integrate batch 9
04/01/2024 07:14:25  INFO - integrate_batch: finished to integate batch 6
04/01/2024 07:14:25  INFO - integrate_batch: finished to integate batch 4
04/01/2024 07:14:25  INFO - integrate_batch: finished to integate batch 7
04/01/2024 07:14:25  INFO - integrate_batch: finished to integate batch 5
04/01/2024 07:14:25  INFO - integrate_batch: finished to integate batch 8
04/01/2024 07:14:25  INFO - integrate_batch: finished to integate batch 9
04/01/2024 07:14:25  INFO - integrate: finished to integrate with n_jobs = 10 and n_iter = 10000000
04/01/2024 07:14:25  INFO - integrate: started to integrate with n_jobs = 11 and n_iter = 10000000
04/01/2024 07:14:25  INFO - integrate_batch: started to integrate batch 0
04/01/2024 07:14:25  INFO - integrate_batch: finished to integate batch 0
04/01/2024 07:14:25  INFO - integrate_batch: started to integrate batch 1
04/01/2024 07:14:25  INFO - integrate_batch: finished to integate batch 1
04/01/2024 07:14:25  INFO - integrate_batch: started to integrate batch 2
04/01/2024 07:14:25  INFO - integrate_batch: started to integrate batch 3
04/01/2024 07:14:25  INFO - integrate_batch: started to integrate batch 4
04/01/2024 07:14:25  INFO - integrate_batch: started to integrate batch 5
04/01/2024 07:14:25  INFO - integrate_batch: started to integrate batch 6
04/01/2024 07:14:25  INFO - integrate_batch: started to integrate batch 7
04/01/2024 07:14:25  INFO - integrate_batch: started to integrate batch 8
04/01/2024 07:14:25  INFO - integrate_batch: finished to integate batch 4
04/01/2024 07:14:25  INFO - integrate_batch: finished to integate batch 2
04/01/2024 07:14:26  INFO - integrate_batch: started to integrate batch 9
04/01/2024 07:14:26  INFO - integrate_batch: finished to integate batch 3
04/01/2024 07:14:26  INFO - integrate_batch: finished to integate batch 6
04/01/2024 07:14:26  INFO - integrate_batch: started to integrate batch 10
04/01/2024 07:14:26  INFO - integrate_batch: finished to integate batch 7
04/01/2024 07:14:26  INFO - integrate_batch: finished to integate batch 8
04/01/2024 07:14:26  INFO - integrate_batch: finished to integate batch 5
04/01/2024 07:14:26  INFO - integrate_batch: finished to integate batch 9
04/01/2024 07:14:26  INFO - integrate_batch: finished to integate batch 10
04/01/2024 07:14:26  INFO - integrate: finished to integrate with n_jobs = 11 and n_iter = 10000000
04/01/2024 07:14:26  INFO - integrate: started to integrate with n_jobs = 12 and n_iter = 10000000
04/01/2024 07:14:26  INFO - integrate_batch: started to integrate batch 0
04/01/2024 07:14:26  INFO - integrate_batch: started to integrate batch 1
04/01/2024 07:14:26  INFO - integrate_batch: finished to integate batch 1
04/01/2024 07:14:26  INFO - integrate_batch: started to integrate batch 2
04/01/2024 07:14:26  INFO - integrate_batch: finished to integate batch 0
04/01/2024 07:14:26  INFO - integrate_batch: finished to integate batch 2
04/01/2024 07:14:26  INFO - integrate_batch: started to integrate batch 3
04/01/2024 07:14:26  INFO - integrate_batch: started to integrate batch 4
04/01/2024 07:14:26  INFO - integrate_batch: started to integrate batch 5
04/01/2024 07:14:26  INFO - integrate_batch: started to integrate batch 6
04/01/2024 07:14:26  INFO - integrate_batch: started to integrate batch 7
04/01/2024 07:14:26  INFO - integrate_batch: started to integrate batch 8
04/01/2024 07:14:26  INFO - integrate_batch: started to integrate batch 9
04/01/2024 07:14:26  INFO - integrate_batch: started to integrate batch 10
04/01/2024 07:14:26  INFO - integrate_batch: started to integrate batch 11
04/01/2024 07:14:26  INFO - integrate_batch: finished to integate batch 3
04/01/2024 07:14:26  INFO - integrate_batch: finished to integate batch 4
04/01/2024 07:14:26  INFO - integrate_batch: finished to integate batch 5
04/01/2024 07:14:26  INFO - integrate_batch: finished to integate batch 6
04/01/2024 07:14:26  INFO - integrate_batch: finished to integate batch 7
04/01/2024 07:14:26  INFO - integrate_batch: finished to integate batch 9
04/01/2024 07:14:26  INFO - integrate_batch: finished to integate batch 10
04/01/2024 07:14:26  INFO - integrate_batch: finished to integate batch 8
04/01/2024 07:14:27  INFO - integrate_batch: finished to integate batch 11
04/01/2024 07:14:27  INFO - integrate: finished to integrate with n_jobs = 12 and n_iter = 10000000
04/01/2024 07:14:27  INFO - integrate: started to integrate with n_jobs = 13 and n_iter = 10000000
04/01/2024 07:14:27  INFO - integrate_batch: started to integrate batch 0
04/01/2024 07:14:27  INFO - integrate_batch: finished to integate batch 0
04/01/2024 07:14:27  INFO - integrate_batch: started to integrate batch 1
04/01/2024 07:14:27  INFO - integrate_batch: started to integrate batch 2
04/01/2024 07:14:27  INFO - integrate_batch: started to integrate batch 3
04/01/2024 07:14:27  INFO - integrate_batch: finished to integate batch 1
04/01/2024 07:14:27  INFO - integrate_batch: finished to integate batch 3
04/01/2024 07:14:27  INFO - integrate_batch: finished to integate batch 2
04/01/2024 07:14:27  INFO - integrate_batch: started to integrate batch 4
04/01/2024 07:14:27  INFO - integrate_batch: started to integrate batch 5
04/01/2024 07:14:27  INFO - integrate_batch: started to integrate batch 6
04/01/2024 07:14:27  INFO - integrate_batch: finished to integate batch 4
04/01/2024 07:14:27  INFO - integrate_batch: finished to integate batch 5
04/01/2024 07:14:27  INFO - integrate_batch: started to integrate batch 7
04/01/2024 07:14:27  INFO - integrate_batch: started to integrate batch 8
04/01/2024 07:14:27  INFO - integrate_batch: started to integrate batch 9
04/01/2024 07:14:27  INFO - integrate_batch: finished to integate batch 6
04/01/2024 07:14:27  INFO - integrate_batch: started to integrate batch 10
04/01/2024 07:14:27  INFO - integrate_batch: finished to integate batch 8
04/01/2024 07:14:27  INFO - integrate_batch: started to integrate batch 11
04/01/2024 07:14:27  INFO - integrate_batch: finished to integate batch 7
04/01/2024 07:14:27  INFO - integrate_batch: started to integrate batch 12
04/01/2024 07:14:27  INFO - integrate_batch: finished to integate batch 9
04/01/2024 07:14:27  INFO - integrate_batch: finished to integate batch 10
04/01/2024 07:14:27  INFO - integrate_batch: finished to integate batch 11
04/01/2024 07:14:27  INFO - integrate_batch: finished to integate batch 12
04/01/2024 07:14:27  INFO - integrate: finished to integrate with n_jobs = 13 and n_iter = 10000000
04/01/2024 07:14:27  INFO - integrate: started to integrate with n_jobs = 14 and n_iter = 10000000
04/01/2024 07:14:27  INFO - integrate_batch: started to integrate batch 0
04/01/2024 07:14:27  INFO - integrate_batch: started to integrate batch 1
04/01/2024 07:14:27  INFO - integrate_batch: finished to integate batch 0
04/01/2024 07:14:27  INFO - integrate_batch: started to integrate batch 2
04/01/2024 07:14:27  INFO - integrate_batch: started to integrate batch 3
04/01/2024 07:14:27  INFO - integrate_batch: started to integrate batch 4
04/01/2024 07:14:27  INFO - integrate_batch: finished to integate batch 1
04/01/2024 07:14:27  INFO - integrate_batch: started to integrate batch 5
04/01/2024 07:14:27  INFO - integrate_batch: started to integrate batch 6
04/01/2024 07:14:27  INFO - integrate_batch: started to integrate batch 7
04/01/2024 07:14:27  INFO - integrate_batch: started to integrate batch 8
04/01/2024 07:14:27  INFO - integrate_batch: finished to integate batch 2
04/01/2024 07:14:27  INFO - integrate_batch: started to integrate batch 9
04/01/2024 07:14:28  INFO - integrate_batch: finished to integate batch 3
04/01/2024 07:14:28  INFO - integrate_batch: finished to integate batch 4
04/01/2024 07:14:28  INFO - integrate_batch: started to integrate batch 10
04/01/2024 07:14:28  INFO - integrate_batch: started to integrate batch 11
04/01/2024 07:14:28  INFO - integrate_batch: started to integrate batch 12
04/01/2024 07:14:28  INFO - integrate_batch: finished to integate batch 6
04/01/2024 07:14:28  INFO - integrate_batch: finished to integate batch 5
04/01/2024 07:14:28  INFO - integrate_batch: finished to integate batch 7
04/01/2024 07:14:28  INFO - integrate_batch: started to integrate batch 13
04/01/2024 07:14:28  INFO - integrate_batch: finished to integate batch 8
04/01/2024 07:14:28  INFO - integrate_batch: finished to integate batch 9
04/01/2024 07:14:28  INFO - integrate_batch: finished to integate batch 10
04/01/2024 07:14:28  INFO - integrate_batch: finished to integate batch 11
04/01/2024 07:14:28  INFO - integrate_batch: finished to integate batch 12
04/01/2024 07:14:28  INFO - integrate_batch: finished to integate batch 13
04/01/2024 07:14:28  INFO - integrate: finished to integrate with n_jobs = 14 and n_iter = 10000000
04/01/2024 07:14:28  INFO - integrate: started to integrate with n_jobs = 15 and n_iter = 10000000
04/01/2024 07:14:28  INFO - integrate_batch: started to integrate batch 0
04/01/2024 07:14:28  INFO - integrate_batch: started to integrate batch 1
04/01/2024 07:14:28  INFO - integrate_batch: started to integrate batch 2
04/01/2024 07:14:28  INFO - integrate_batch: started to integrate batch 3
04/01/2024 07:14:28  INFO - integrate_batch: finished to integate batch 0
04/01/2024 07:14:28  INFO - integrate_batch: finished to integate batch 1
04/01/2024 07:14:28  INFO - integrate_batch: finished to integate batch 2
04/01/2024 07:14:28  INFO - integrate_batch: started to integrate batch 4
04/01/2024 07:14:28  INFO - integrate_batch: finished to integate batch 3
04/01/2024 07:14:28  INFO - integrate_batch: started to integrate batch 5
04/01/2024 07:14:28  INFO - integrate_batch: started to integrate batch 6
04/01/2024 07:14:28  INFO - integrate_batch: started to integrate batch 7
04/01/2024 07:14:28  INFO - integrate_batch: started to integrate batch 8
04/01/2024 07:14:28  INFO - integrate_batch: started to integrate batch 9
04/01/2024 07:14:28  INFO - integrate_batch: finished to integate batch 4
04/01/2024 07:14:28  INFO - integrate_batch: started to integrate batch 10
04/01/2024 07:14:28  INFO - integrate_batch: started to integrate batch 11
04/01/2024 07:14:28  INFO - integrate_batch: finished to integate batch 5
04/01/2024 07:14:28  INFO - integrate_batch: started to integrate batch 12
04/01/2024 07:14:28  INFO - integrate_batch: started to integrate batch 13
04/01/2024 07:14:28  INFO - integrate_batch: started to integrate batch 14
04/01/2024 07:14:28  INFO - integrate_batch: finished to integate batch 6
04/01/2024 07:14:28  INFO - integrate_batch: finished to integate batch 7
04/01/2024 07:14:29  INFO - integrate_batch: finished to integate batch 8
04/01/2024 07:14:29  INFO - integrate_batch: finished to integate batch 10
04/01/2024 07:14:29  INFO - integrate_batch: finished to integate batch 9
04/01/2024 07:14:29  INFO - integrate_batch: finished to integate batch 11
04/01/2024 07:14:29  INFO - integrate_batch: finished to integate batch 13
04/01/2024 07:14:29  INFO - integrate_batch: finished to integate batch 12
04/01/2024 07:14:29  INFO - integrate_batch: finished to integate batch 14
04/01/2024 07:14:29  INFO - integrate: finished to integrate with n_jobs = 15 and n_iter = 10000000
04/01/2024 07:14:29  INFO - integrate: started to integrate with n_jobs = 16 and n_iter = 10000000
04/01/2024 07:14:29  INFO - integrate_batch: started to integrate batch 0
04/01/2024 07:14:29  INFO - integrate_batch: started to integrate batch 1
04/01/2024 07:14:29  INFO - integrate_batch: finished to integate batch 0
04/01/2024 07:14:29  INFO - integrate_batch: started to integrate batch 2
04/01/2024 07:14:29  INFO - integrate_batch: finished to integate batch 1
04/01/2024 07:14:29  INFO - integrate_batch: finished to integate batch 2
04/01/2024 07:14:29  INFO - integrate_batch: started to integrate batch 3
04/01/2024 07:14:29  INFO - integrate_batch: started to integrate batch 4
04/01/2024 07:14:29  INFO - integrate_batch: started to integrate batch 5
04/01/2024 07:14:29  INFO - integrate_batch: finished to integate batch 3
04/01/2024 07:14:29  INFO - integrate_batch: finished to integate batch 4
04/01/2024 07:14:29  INFO - integrate_batch: started to integrate batch 6
04/01/2024 07:14:29  INFO - integrate_batch: started to integrate batch 7
04/01/2024 07:14:29  INFO - integrate_batch: started to integrate batch 8
04/01/2024 07:14:29  INFO - integrate_batch: started to integrate batch 9
04/01/2024 07:14:29  INFO - integrate_batch: finished to integate batch 5
04/01/2024 07:14:29  INFO - integrate_batch: started to integrate batch 10
04/01/2024 07:14:29  INFO - integrate_batch: started to integrate batch 11
04/01/2024 07:14:29  INFO - integrate_batch: started to integrate batch 12
04/01/2024 07:14:29  INFO - integrate_batch: finished to integate batch 6
04/01/2024 07:14:29  INFO - integrate_batch: started to integrate batch 13
04/01/2024 07:14:29  INFO - integrate_batch: started to integrate batch 14
04/01/2024 07:14:29  INFO - integrate_batch: started to integrate batch 15
04/01/2024 07:14:29  INFO - integrate_batch: finished to integate batch 7
04/01/2024 07:14:29  INFO - integrate_batch: finished to integate batch 8
04/01/2024 07:14:29  INFO - integrate_batch: finished to integate batch 9
04/01/2024 07:14:29  INFO - integrate_batch: finished to integate batch 10
04/01/2024 07:14:29  INFO - integrate_batch: finished to integate batch 11
04/01/2024 07:14:29  INFO - integrate_batch: finished to integate batch 12
04/01/2024 07:14:30  INFO - integrate_batch: finished to integate batch 13
04/01/2024 07:14:30  INFO - integrate_batch: finished to integate batch 14
04/01/2024 07:14:30  INFO - integrate_batch: finished to integate batch 15
04/01/2024 07:14:30  INFO - integrate: finished to integrate with n_jobs = 16 and n_iter = 10000000
04/01/2024 07:14:30  INFO - measure_integration_time: finished time measuring for thread_pool_executor
04/01/2024 07:14:30  INFO - measure_integration_time: started time measuring for process_pool_executor
04/01/2024 07:14:30  INFO - integrate: started to integrate with n_jobs = 1 and n_iter = 10000000
04/01/2024 07:14:30  INFO - integrate_batch: started to integrate batch 0
04/01/2024 07:14:30  INFO - integrate_batch: finished to integate batch 0
04/01/2024 07:14:30  INFO - integrate: finished to integrate with n_jobs = 1 and n_iter = 10000000
04/01/2024 07:14:30  INFO - integrate: started to integrate with n_jobs = 2 and n_iter = 10000000
04/01/2024 07:14:30  INFO - integrate_batch: started to integrate batch 0
04/01/2024 07:14:30  INFO - integrate_batch: started to integrate batch 1
04/01/2024 07:14:31  INFO - integrate_batch: finished to integate batch 0
04/01/2024 07:14:31  INFO - integrate_batch: finished to integate batch 1
04/01/2024 07:14:31  INFO - integrate: finished to integrate with n_jobs = 2 and n_iter = 10000000
04/01/2024 07:14:31  INFO - integrate: started to integrate with n_jobs = 3 and n_iter = 10000000
04/01/2024 07:14:31  INFO - integrate_batch: started to integrate batch 1
04/01/2024 07:14:31  INFO - integrate_batch: started to integrate batch 0
04/01/2024 07:14:31  INFO - integrate_batch: started to integrate batch 2
04/01/2024 07:14:31  INFO - integrate_batch: finished to integate batch 1
04/01/2024 07:14:31  INFO - integrate_batch: finished to integate batch 0
04/01/2024 07:14:31  INFO - integrate_batch: finished to integate batch 2
04/01/2024 07:14:31  INFO - integrate: finished to integrate with n_jobs = 3 and n_iter = 10000000
04/01/2024 07:14:31  INFO - integrate: started to integrate with n_jobs = 4 and n_iter = 10000000
04/01/2024 07:14:31  INFO - integrate_batch: started to integrate batch 0
04/01/2024 07:14:31  INFO - integrate_batch: started to integrate batch 1
04/01/2024 07:14:31  INFO - integrate_batch: started to integrate batch 2
04/01/2024 07:14:31  INFO - integrate_batch: started to integrate batch 3
04/01/2024 07:14:31  INFO - integrate_batch: finished to integate batch 2
04/01/2024 07:14:31  INFO - integrate_batch: finished to integate batch 0
04/01/2024 07:14:31  INFO - integrate_batch: finished to integate batch 1
04/01/2024 07:14:32  INFO - integrate_batch: finished to integate batch 3
04/01/2024 07:14:32  INFO - integrate: finished to integrate with n_jobs = 4 and n_iter = 10000000
04/01/2024 07:14:32  INFO - integrate: started to integrate with n_jobs = 5 and n_iter = 10000000
04/01/2024 07:14:32  INFO - integrate_batch: started to integrate batch 0
04/01/2024 07:14:32  INFO - integrate_batch: started to integrate batch 1
04/01/2024 07:14:32  INFO - integrate_batch: started to integrate batch 2
04/01/2024 07:14:32  INFO - integrate_batch: started to integrate batch 4
04/01/2024 07:14:32  INFO - integrate_batch: started to integrate batch 3
04/01/2024 07:14:32  INFO - integrate_batch: finished to integate batch 4
04/01/2024 07:14:32  INFO - integrate_batch: finished to integate batch 1
04/01/2024 07:14:32  INFO - integrate_batch: finished to integate batch 0
04/01/2024 07:14:32  INFO - integrate_batch: finished to integate batch 3
04/01/2024 07:14:32  INFO - integrate_batch: finished to integate batch 2
04/01/2024 07:14:32  INFO - integrate: finished to integrate with n_jobs = 5 and n_iter = 10000000
04/01/2024 07:14:32  INFO - integrate: started to integrate with n_jobs = 6 and n_iter = 10000000
04/01/2024 07:14:32  INFO - integrate_batch: started to integrate batch 0
04/01/2024 07:14:32  INFO - integrate_batch: started to integrate batch 1
04/01/2024 07:14:32  INFO - integrate_batch: started to integrate batch 2
04/01/2024 07:14:32  INFO - integrate_batch: started to integrate batch 3
04/01/2024 07:14:32  INFO - integrate_batch: started to integrate batch 5
04/01/2024 07:14:32  INFO - integrate_batch: started to integrate batch 4
04/01/2024 07:14:32  INFO - integrate_batch: finished to integate batch 5
04/01/2024 07:14:32  INFO - integrate_batch: finished to integate batch 3
04/01/2024 07:14:32  INFO - integrate_batch: finished to integate batch 2
04/01/2024 07:14:32  INFO - integrate_batch: finished to integate batch 1
04/01/2024 07:14:32  INFO - integrate_batch: finished to integate batch 4
04/01/2024 07:14:32  INFO - integrate_batch: finished to integate batch 0
04/01/2024 07:14:32  INFO - integrate: finished to integrate with n_jobs = 6 and n_iter = 10000000
04/01/2024 07:14:32  INFO - integrate: started to integrate with n_jobs = 7 and n_iter = 10000000
04/01/2024 07:14:32  INFO - integrate_batch: started to integrate batch 0
04/01/2024 07:14:32  INFO - integrate_batch: started to integrate batch 1
04/01/2024 07:14:32  INFO - integrate_batch: started to integrate batch 3
04/01/2024 07:14:32  INFO - integrate_batch: started to integrate batch 2
04/01/2024 07:14:32  INFO - integrate_batch: started to integrate batch 4
04/01/2024 07:14:32  INFO - integrate_batch: started to integrate batch 5
04/01/2024 07:14:32  INFO - integrate_batch: started to integrate batch 6
04/01/2024 07:14:32  INFO - integrate_batch: finished to integate batch 4
04/01/2024 07:14:32  INFO - integrate_batch: finished to integate batch 0
04/01/2024 07:14:32  INFO - integrate_batch: finished to integate batch 6
04/01/2024 07:14:32  INFO - integrate_batch: finished to integate batch 3
04/01/2024 07:14:32  INFO - integrate_batch: finished to integate batch 2
04/01/2024 07:14:32  INFO - integrate_batch: finished to integate batch 1
04/01/2024 07:14:32  INFO - integrate_batch: finished to integate batch 5
04/01/2024 07:14:32  INFO - integrate: finished to integrate with n_jobs = 7 and n_iter = 10000000
04/01/2024 07:14:32  INFO - integrate: started to integrate with n_jobs = 8 and n_iter = 10000000
04/01/2024 07:14:32  INFO - integrate_batch: started to integrate batch 0
04/01/2024 07:14:32  INFO - integrate_batch: started to integrate batch 1
04/01/2024 07:14:32  INFO - integrate_batch: started to integrate batch 2
04/01/2024 07:14:32  INFO - integrate_batch: started to integrate batch 3
04/01/2024 07:14:32  INFO - integrate_batch: started to integrate batch 4
04/01/2024 07:14:32  INFO - integrate_batch: started to integrate batch 5
04/01/2024 07:14:32  INFO - integrate_batch: started to integrate batch 6
04/01/2024 07:14:32  INFO - integrate_batch: started to integrate batch 7
04/01/2024 07:14:33  INFO - integrate_batch: finished to integate batch 1
04/01/2024 07:14:33  INFO - integrate_batch: finished to integate batch 7
04/01/2024 07:14:33  INFO - integrate_batch: finished to integate batch 3
04/01/2024 07:14:33  INFO - integrate_batch: finished to integate batch 5
04/01/2024 07:14:33  INFO - integrate_batch: finished to integate batch 2
04/01/2024 07:14:33  INFO - integrate_batch: finished to integate batch 0
04/01/2024 07:14:33  INFO - integrate_batch: finished to integate batch 6
04/01/2024 07:14:33  INFO - integrate_batch: finished to integate batch 4
04/01/2024 07:14:33  INFO - integrate: finished to integrate with n_jobs = 8 and n_iter = 10000000
04/01/2024 07:14:33  INFO - integrate: started to integrate with n_jobs = 9 and n_iter = 10000000
04/01/2024 07:14:33  INFO - integrate_batch: started to integrate batch 0
04/01/2024 07:14:33  INFO - integrate_batch: started to integrate batch 1
04/01/2024 07:14:33  INFO - integrate_batch: started to integrate batch 2
04/01/2024 07:14:33  INFO - integrate_batch: started to integrate batch 3
04/01/2024 07:14:33  INFO - integrate_batch: started to integrate batch 5
04/01/2024 07:14:33  INFO - integrate_batch: started to integrate batch 6
04/01/2024 07:14:33  INFO - integrate_batch: started to integrate batch 7
04/01/2024 07:14:33  INFO - integrate_batch: started to integrate batch 4
04/01/2024 07:14:33  INFO - integrate_batch: started to integrate batch 8
04/01/2024 07:14:33  INFO - integrate_batch: finished to integate batch 0
04/01/2024 07:14:33  INFO - integrate_batch: finished to integate batch 2
04/01/2024 07:14:33  INFO - integrate_batch: finished to integate batch 3
04/01/2024 07:14:33  INFO - integrate_batch: finished to integate batch 1
04/01/2024 07:14:33  INFO - integrate_batch: finished to integate batch 6
04/01/2024 07:14:33  INFO - integrate_batch: finished to integate batch 5
04/01/2024 07:14:33  INFO - integrate_batch: finished to integate batch 4
04/01/2024 07:14:33  INFO - integrate_batch: finished to integate batch 7
04/01/2024 07:14:33  INFO - integrate_batch: finished to integate batch 8
04/01/2024 07:14:33  INFO - integrate: finished to integrate with n_jobs = 9 and n_iter = 10000000
04/01/2024 07:14:33  INFO - integrate: started to integrate with n_jobs = 10 and n_iter = 10000000
04/01/2024 07:14:33  INFO - integrate_batch: started to integrate batch 0
04/01/2024 07:14:33  INFO - integrate_batch: started to integrate batch 1
04/01/2024 07:14:33  INFO - integrate_batch: started to integrate batch 2
04/01/2024 07:14:33  INFO - integrate_batch: started to integrate batch 3
04/01/2024 07:14:33  INFO - integrate_batch: started to integrate batch 5
04/01/2024 07:14:33  INFO - integrate_batch: started to integrate batch 4
04/01/2024 07:14:33  INFO - integrate_batch: started to integrate batch 6
04/01/2024 07:14:33  INFO - integrate_batch: started to integrate batch 8
04/01/2024 07:14:33  INFO - integrate_batch: started to integrate batch 7
04/01/2024 07:14:33  INFO - integrate_batch: started to integrate batch 9
04/01/2024 07:14:33  INFO - integrate_batch: finished to integate batch 2
04/01/2024 07:14:33  INFO - integrate_batch: finished to integate batch 1
04/01/2024 07:14:33  INFO - integrate_batch: finished to integate batch 6
04/01/2024 07:14:33  INFO - integrate_batch: finished to integate batch 0
04/01/2024 07:14:33  INFO - integrate_batch: finished to integate batch 5
04/01/2024 07:14:33  INFO - integrate_batch: finished to integate batch 3
04/01/2024 07:14:33  INFO - integrate_batch: finished to integate batch 4
04/01/2024 07:14:33  INFO - integrate_batch: finished to integate batch 8
04/01/2024 07:14:33  INFO - integrate_batch: finished to integate batch 9
04/01/2024 07:14:33  INFO - integrate_batch: finished to integate batch 7
04/01/2024 07:14:33  INFO - integrate: finished to integrate with n_jobs = 10 and n_iter = 10000000
04/01/2024 07:14:33  INFO - integrate: started to integrate with n_jobs = 11 and n_iter = 10000000
04/01/2024 07:14:33  INFO - integrate_batch: started to integrate batch 0
04/01/2024 07:14:33  INFO - integrate_batch: started to integrate batch 1
04/01/2024 07:14:33  INFO - integrate_batch: started to integrate batch 2
04/01/2024 07:14:33  INFO - integrate_batch: started to integrate batch 3
04/01/2024 07:14:33  INFO - integrate_batch: started to integrate batch 4
04/01/2024 07:14:33  INFO - integrate_batch: started to integrate batch 5
04/01/2024 07:14:33  INFO - integrate_batch: started to integrate batch 6
04/01/2024 07:14:33  INFO - integrate_batch: started to integrate batch 7
04/01/2024 07:14:33  INFO - integrate_batch: started to integrate batch 8
04/01/2024 07:14:33  INFO - integrate_batch: started to integrate batch 9
04/01/2024 07:14:33  INFO - integrate_batch: started to integrate batch 10
04/01/2024 07:14:33  INFO - integrate_batch: finished to integate batch 1
04/01/2024 07:14:33  INFO - integrate_batch: finished to integate batch 3
04/01/2024 07:14:33  INFO - integrate_batch: finished to integate batch 4
04/01/2024 07:14:33  INFO - integrate_batch: finished to integate batch 2
04/01/2024 07:14:33  INFO - integrate_batch: finished to integate batch 8
04/01/2024 07:14:33  INFO - integrate_batch: finished to integate batch 0
04/01/2024 07:14:33  INFO - integrate_batch: finished to integate batch 6
04/01/2024 07:14:33  INFO - integrate_batch: finished to integate batch 7
04/01/2024 07:14:33  INFO - integrate_batch: finished to integate batch 5
04/01/2024 07:14:33  INFO - integrate_batch: finished to integate batch 9
04/01/2024 07:14:33  INFO - integrate_batch: finished to integate batch 10
04/01/2024 07:14:33  INFO - integrate: finished to integrate with n_jobs = 11 and n_iter = 10000000
04/01/2024 07:14:33  INFO - integrate: started to integrate with n_jobs = 12 and n_iter = 10000000
04/01/2024 07:14:33  INFO - integrate_batch: started to integrate batch 0
04/01/2024 07:14:33  INFO - integrate_batch: started to integrate batch 1
04/01/2024 07:14:33  INFO - integrate_batch: started to integrate batch 2
04/01/2024 07:14:33  INFO - integrate_batch: started to integrate batch 3
04/01/2024 07:14:33  INFO - integrate_batch: started to integrate batch 4
04/01/2024 07:14:33  INFO - integrate_batch: started to integrate batch 5
04/01/2024 07:14:33  INFO - integrate_batch: started to integrate batch 6
04/01/2024 07:14:33  INFO - integrate_batch: started to integrate batch 7
04/01/2024 07:14:34  INFO - integrate_batch: started to integrate batch 8
04/01/2024 07:14:34  INFO - integrate_batch: started to integrate batch 9
04/01/2024 07:14:34  INFO - integrate_batch: started to integrate batch 10
04/01/2024 07:14:34  INFO - integrate_batch: started to integrate batch 11
04/01/2024 07:14:34  INFO - integrate_batch: finished to integate batch 0
04/01/2024 07:14:34  INFO - integrate_batch: finished to integate batch 6
04/01/2024 07:14:34  INFO - integrate_batch: finished to integate batch 5
04/01/2024 07:14:34  INFO - integrate_batch: finished to integate batch 4
04/01/2024 07:14:34  INFO - integrate_batch: finished to integate batch 1
04/01/2024 07:14:34  INFO - integrate_batch: finished to integate batch 2
04/01/2024 07:14:34  INFO - integrate_batch: finished to integate batch 9
04/01/2024 07:14:34  INFO - integrate_batch: finished to integate batch 3
04/01/2024 07:14:34  INFO - integrate_batch: finished to integate batch 11
04/01/2024 07:14:34  INFO - integrate_batch: finished to integate batch 8
04/01/2024 07:14:34  INFO - integrate_batch: finished to integate batch 7
04/01/2024 07:14:34  INFO - integrate_batch: finished to integate batch 10
04/01/2024 07:14:34  INFO - integrate: finished to integrate with n_jobs = 12 and n_iter = 10000000
04/01/2024 07:14:34  INFO - integrate: started to integrate with n_jobs = 13 and n_iter = 10000000
04/01/2024 07:14:34  INFO - integrate_batch: started to integrate batch 0
04/01/2024 07:14:34  INFO - integrate_batch: started to integrate batch 1
04/01/2024 07:14:34  INFO - integrate_batch: started to integrate batch 2
04/01/2024 07:14:34  INFO - integrate_batch: started to integrate batch 3
04/01/2024 07:14:34  INFO - integrate_batch: started to integrate batch 4
04/01/2024 07:14:34  INFO - integrate_batch: started to integrate batch 7
04/01/2024 07:14:34  INFO - integrate_batch: started to integrate batch 6
04/01/2024 07:14:34  INFO - integrate_batch: started to integrate batch 5
04/01/2024 07:14:34  INFO - integrate_batch: started to integrate batch 9
04/01/2024 07:14:34  INFO - integrate_batch: started to integrate batch 8
04/01/2024 07:14:34  INFO - integrate_batch: started to integrate batch 10
04/01/2024 07:14:34  INFO - integrate_batch: started to integrate batch 12
04/01/2024 07:14:34  INFO - integrate_batch: started to integrate batch 11
04/01/2024 07:14:34  INFO - integrate_batch: finished to integate batch 4
04/01/2024 07:14:34  INFO - integrate_batch: finished to integate batch 6
04/01/2024 07:14:34  INFO - integrate_batch: finished to integate batch 5
04/01/2024 07:14:34  INFO - integrate_batch: finished to integate batch 2
04/01/2024 07:14:34  INFO - integrate_batch: finished to integate batch 7
04/01/2024 07:14:34  INFO - integrate_batch: finished to integate batch 8
04/01/2024 07:14:34  INFO - integrate_batch: finished to integate batch 0
04/01/2024 07:14:34  INFO - integrate_batch: finished to integate batch 3
04/01/2024 07:14:34  INFO - integrate_batch: finished to integate batch 10
04/01/2024 07:14:34  INFO - integrate_batch: finished to integate batch 12
04/01/2024 07:14:34  INFO - integrate_batch: finished to integate batch 9
04/01/2024 07:14:34  INFO - integrate_batch: finished to integate batch 11
04/01/2024 07:14:34  INFO - integrate_batch: finished to integate batch 1
04/01/2024 07:14:34  INFO - integrate: finished to integrate with n_jobs = 13 and n_iter = 10000000
04/01/2024 07:14:34  INFO - integrate: started to integrate with n_jobs = 14 and n_iter = 10000000
04/01/2024 07:14:34  INFO - integrate_batch: started to integrate batch 0
04/01/2024 07:14:34  INFO - integrate_batch: started to integrate batch 1
04/01/2024 07:14:34  INFO - integrate_batch: started to integrate batch 2
04/01/2024 07:14:34  INFO - integrate_batch: started to integrate batch 3
04/01/2024 07:14:34  INFO - integrate_batch: started to integrate batch 4
04/01/2024 07:14:34  INFO - integrate_batch: started to integrate batch 5
04/01/2024 07:14:34  INFO - integrate_batch: started to integrate batch 6
04/01/2024 07:14:34  INFO - integrate_batch: started to integrate batch 7
04/01/2024 07:14:34  INFO - integrate_batch: started to integrate batch 8
04/01/2024 07:14:34  INFO - integrate_batch: started to integrate batch 9
04/01/2024 07:14:34  INFO - integrate_batch: started to integrate batch 10
04/01/2024 07:14:34  INFO - integrate_batch: started to integrate batch 11
04/01/2024 07:14:34  INFO - integrate_batch: started to integrate batch 12
04/01/2024 07:14:34  INFO - integrate_batch: started to integrate batch 13
04/01/2024 07:14:34  INFO - integrate_batch: finished to integate batch 2
04/01/2024 07:14:34  INFO - integrate_batch: finished to integate batch 5
04/01/2024 07:14:34  INFO - integrate_batch: finished to integate batch 7
04/01/2024 07:14:34  INFO - integrate_batch: finished to integate batch 0
04/01/2024 07:14:34  INFO - integrate_batch: finished to integate batch 1
04/01/2024 07:14:34  INFO - integrate_batch: finished to integate batch 3
04/01/2024 07:14:34  INFO - integrate_batch: finished to integate batch 6
04/01/2024 07:14:34  INFO - integrate_batch: finished to integate batch 8
04/01/2024 07:14:34  INFO - integrate_batch: finished to integate batch 12
04/01/2024 07:14:34  INFO - integrate_batch: finished to integate batch 4
04/01/2024 07:14:34  INFO - integrate_batch: finished to integate batch 13
04/01/2024 07:14:34  INFO - integrate_batch: finished to integate batch 10
04/01/2024 07:14:34  INFO - integrate_batch: finished to integate batch 9
04/01/2024 07:14:34  INFO - integrate_batch: finished to integate batch 11
04/01/2024 07:14:34  INFO - integrate: finished to integrate with n_jobs = 14 and n_iter = 10000000
04/01/2024 07:14:34  INFO - integrate: started to integrate with n_jobs = 15 and n_iter = 10000000
04/01/2024 07:14:34  INFO - integrate_batch: started to integrate batch 0
04/01/2024 07:14:34  INFO - integrate_batch: started to integrate batch 1
04/01/2024 07:14:34  INFO - integrate_batch: started to integrate batch 2
04/01/2024 07:14:34  INFO - integrate_batch: started to integrate batch 3
04/01/2024 07:14:34  INFO - integrate_batch: started to integrate batch 5
04/01/2024 07:14:34  INFO - integrate_batch: started to integrate batch 4
04/01/2024 07:14:34  INFO - integrate_batch: started to integrate batch 6
04/01/2024 07:14:34  INFO - integrate_batch: started to integrate batch 7
04/01/2024 07:14:34  INFO - integrate_batch: started to integrate batch 9
04/01/2024 07:14:34  INFO - integrate_batch: started to integrate batch 10
04/01/2024 07:14:34  INFO - integrate_batch: started to integrate batch 11
04/01/2024 07:14:34  INFO - integrate_batch: started to integrate batch 12
04/01/2024 07:14:34  INFO - integrate_batch: started to integrate batch 13
04/01/2024 07:14:34  INFO - integrate_batch: started to integrate batch 14
04/01/2024 07:14:34  INFO - integrate_batch: started to integrate batch 8
04/01/2024 07:14:34  INFO - integrate_batch: finished to integate batch 0
04/01/2024 07:14:34  INFO - integrate_batch: finished to integate batch 10
04/01/2024 07:14:34  INFO - integrate_batch: finished to integate batch 3
04/01/2024 07:14:34  INFO - integrate_batch: finished to integate batch 1
04/01/2024 07:14:35  INFO - integrate_batch: finished to integate batch 9
04/01/2024 07:14:35  INFO - integrate_batch: finished to integate batch 4
04/01/2024 07:14:35  INFO - integrate_batch: finished to integate batch 14
04/01/2024 07:14:35  INFO - integrate_batch: finished to integate batch 2
04/01/2024 07:14:35  INFO - integrate_batch: finished to integate batch 5
04/01/2024 07:14:35  INFO - integrate_batch: finished to integate batch 7
04/01/2024 07:14:35  INFO - integrate_batch: finished to integate batch 6
04/01/2024 07:14:35  INFO - integrate_batch: finished to integate batch 8
04/01/2024 07:14:35  INFO - integrate_batch: finished to integate batch 13
04/01/2024 07:14:35  INFO - integrate_batch: finished to integate batch 12
04/01/2024 07:14:35  INFO - integrate_batch: finished to integate batch 11
04/01/2024 07:14:35  INFO - integrate: finished to integrate with n_jobs = 15 and n_iter = 10000000
04/01/2024 07:14:35  INFO - integrate: started to integrate with n_jobs = 16 and n_iter = 10000000
04/01/2024 07:14:35  INFO - integrate_batch: started to integrate batch 0
04/01/2024 07:14:35  INFO - integrate_batch: started to integrate batch 1
04/01/2024 07:14:35  INFO - integrate_batch: started to integrate batch 2
04/01/2024 07:14:35  INFO - integrate_batch: started to integrate batch 3
04/01/2024 07:14:35  INFO - integrate_batch: started to integrate batch 4
04/01/2024 07:14:35  INFO - integrate_batch: started to integrate batch 5
04/01/2024 07:14:35  INFO - integrate_batch: started to integrate batch 6
04/01/2024 07:14:35  INFO - integrate_batch: started to integrate batch 7
04/01/2024 07:14:35  INFO - integrate_batch: started to integrate batch 8
04/01/2024 07:14:35  INFO - integrate_batch: started to integrate batch 9
04/01/2024 07:14:35  INFO - integrate_batch: started to integrate batch 10
04/01/2024 07:14:35  INFO - integrate_batch: started to integrate batch 11
04/01/2024 07:14:35  INFO - integrate_batch: started to integrate batch 12
04/01/2024 07:14:35  INFO - integrate_batch: started to integrate batch 13
04/01/2024 07:14:35  INFO - integrate_batch: started to integrate batch 14
04/01/2024 07:14:35  INFO - integrate_batch: started to integrate batch 15
04/01/2024 07:14:35  INFO - integrate_batch: finished to integate batch 2
04/01/2024 07:14:35  INFO - integrate_batch: finished to integate batch 6
04/01/2024 07:14:35  INFO - integrate_batch: finished to integate batch 7
04/01/2024 07:14:35  INFO - integrate_batch: finished to integate batch 5
04/01/2024 07:14:35  INFO - integrate_batch: finished to integate batch 3
04/01/2024 07:14:35  INFO - integrate_batch: finished to integate batch 8
04/01/2024 07:14:35  INFO - integrate_batch: finished to integate batch 1
04/01/2024 07:14:35  INFO - integrate_batch: finished to integate batch 4
04/01/2024 07:14:35  INFO - integrate_batch: finished to integate batch 0
04/01/2024 07:14:35  INFO - integrate_batch: finished to integate batch 9
04/01/2024 07:14:35  INFO - integrate_batch: finished to integate batch 10
04/01/2024 07:14:35  INFO - integrate_batch: finished to integate batch 12
04/01/2024 07:14:35  INFO - integrate_batch: finished to integate batch 13
04/01/2024 07:14:35  INFO - integrate_batch: finished to integate batch 14
04/01/2024 07:14:35  INFO - integrate_batch: finished to integate batch 15
04/01/2024 07:14:35  INFO - integrate_batch: finished to integate batch 11
04/01/2024 07:14:35  INFO - integrate: finished to integrate with n_jobs = 16 and n_iter = 10000000
04/01/2024 07:14:35  INFO - measure_integration_time: finished time measuring for process_pool_executor
